<?xml version="1.0" encoding="UTF-8"?>
<testng-results ignored="0" total="1" passed="1" failed="0" skipped="0">
  <reporter-output>
  </reporter-output>
  <suite started-at="2022-12-10T16:36:47Z" name="Smoke Suite" finished-at="2022-12-10T16:36:55Z" duration-ms="7415">
    <groups>
      <group name="cucumber">
        <method signature="AbstractTestNGCucumberTests.runScenario(io.cucumber.testng.PickleWrapper, io.cucumber.testng.FeatureWrapper)[pri:0, instance:runner.ui.UiRunner@78047b92]" name="runScenario" class="io.cucumber.testng.AbstractTestNGCucumberTests"/>
      </group> <!-- cucumber -->
    </groups>
    <test started-at="2022-12-10T16:36:47Z" name="Smoke Basic" finished-at="2022-12-10T16:36:55Z" duration-ms="7415">
      <class name="runner.ui.UiRunner">
        <test-method is-config="true" signature="setUpClass()[pri:0, instance:runner.ui.UiRunner@78047b92]" started-at="2022-12-10T16:36:47Z" name="setUpClass" finished-at="2022-12-10T16:36:48Z" duration-ms="408" status="PASS">
          <reporter-output>
          </reporter-output>
        </test-method> <!-- setUpClass -->
        <test-method signature="runScenario(io.cucumber.testng.PickleWrapper, io.cucumber.testng.FeatureWrapper)[pri:0, instance:runner.ui.UiRunner@78047b92]" started-at="2022-12-10T16:36:48Z" name="runScenario" description="Runs Cucumber Scenarios" data-provider="scenarios" finished-at="2022-12-10T16:36:54Z" duration-ms="6582" status="PASS">
          <params>
            <param index="0">
              <value>
                <![CDATA["Testing println"]]>
              </value>
            </param>
            <param index="1">
              <value>
                <![CDATA["Optional[Testing]"]]>
              </value>
            </param>
          </params>
          <reporter-output>
          </reporter-output>
        </test-method> <!-- runScenario -->
        <test-method is-config="true" signature="tearDownClass()[pri:0, instance:runner.ui.UiRunner@78047b92]" started-at="2022-12-10T16:36:54Z" name="tearDownClass" finished-at="2022-12-10T16:36:55Z" duration-ms="398" status="PASS">
          <reporter-output>
          </reporter-output>
        </test-method> <!-- tearDownClass -->
      </class> <!-- runner.ui.UiRunner -->
    </test> <!-- Smoke Basic -->
  </suite> <!-- Smoke Suite -->
</testng-results>
