<?xml version="1.0" encoding="UTF-8"?>
<testng-results ignored="0" total="0" passed="0" failed="0" skipped="0">
  <reporter-output>
  </reporter-output>
  <suite started-at="2022-12-10T03:38:29Z" name="Junit.TestBla" finished-at="2022-12-10T03:38:29Z" duration-ms="6">
    <groups>
    </groups>
    <test started-at="2022-12-10T03:38:29Z" name="Command line test" finished-at="2022-12-10T03:38:29Z" duration-ms="6">
    </test> <!-- Command line test -->
  </suite> <!-- Junit.TestBla -->
</testng-results>
